#
# There is insufficient memory for the Java Runtime Environment to continue.
# Native memory allocation (mmap) failed to map 56098816 bytes for committing reserved memory.
# Possible reasons:
#   The system is out of physical RAM or swap space
#   In 32 bit mode, the process size limit was hit
# Possible solutions:
#   Reduce memory load on the system
#   Increase physical memory or swap space
#   Check if swap backing store is full
#   Use 64 bit Java on a 64 bit OS
#   Decrease Java heap size (-Xmx/-Xms)
#   Decrease number of Java threads
#   Decrease Java thread stack sizes (-Xss)
#   Set larger code cache with -XX:ReservedCodeCacheSize=
# This output file may be truncated or incomplete.
#
#  Out of Memory Error (os_linux.cpp:2643), pid=19685, tid=0x00007f6301b08700
#
# JRE version: OpenJDK Runtime Environment (8.0_181-b13) (build 1.8.0_181-8u181-b13-0ubuntu0.16.04.1-b13)
# Java VM: OpenJDK 64-Bit Server VM (25.181-b13 mixed mode linux-amd64 compressed oops)
# Failed to write core dump. Core dumps have been disabled. To enable core dumping, try "ulimit -c unlimited" before starting Java again
#

---------------  T H R E A D  ---------------

Current thread (0x00007f632007e000):  VMThread [stack: 0x00007f6301a08000,0x00007f6301b09000] [id=19695]

Stack: [0x00007f6301a08000,0x00007f6301b09000],  sp=0x00007f6301b074c0,  free space=1021k
Native frames: (J=compiled Java code, j=interpreted, Vv=VM code, C=native code)
V  [libjvm.so+0xa70edb]
V  [libjvm.so+0x4c893c]
V  [libjvm.so+0x8bda08]
V  [libjvm.so+0x8b7d9e]
V  [libjvm.so+0x933206]
V  [libjvm.so+0x934533]
V  [libjvm.so+0x930bfb]
V  [libjvm.so+0x930eac]
V  [libjvm.so+0x8e27c3]
V  [libjvm.so+0xa72b82]
V  [libjvm.so+0xa77d27]
V  [libjvm.so+0xa75427]
V  [libjvm.so+0xa768af]
V  [libjvm.so+0xa76da1]
V  [libjvm.so+0x8bae12]

VM_Operation (0x00007f62cf6ce4f0): ParallelGCFailedAllocation, mode: safepoint, requested by thread 0x00007f632076b800


---------------  P R O C E S S  ---------------

Java Threads: ( => current thread )
  0x00007f6320bb9000 JavaThread "Thread-5" [_thread_blocked, id=19746, stack(0x00007f62d8aeb000,0x00007f62d8bec000)]
  0x00007f6320bb8000 JavaThread "Thread-4" [_thread_blocked, id=19745, stack(0x00007f63006a1000,0x00007f63007a2000)]
  0x00007f6321241800 JavaThread "Abandoned connection cleanup thread" daemon [_thread_blocked, id=19738, stack(0x00007f62cefcd000,0x00007f62cf0ce000)]
  0x00007f6321213000 JavaThread "Tomcat JDBC Pool Cleaner[21685669:1537530321732]" daemon [_thread_blocked, id=19737, stack(0x00007f62cf0ce000,0x00007f62cf1cf000)]
  0x00007f632076b800 JavaThread "pool-2-thread-1" daemon [_thread_blocked, id=19732, stack(0x00007f62cf5cf000,0x00007f62cf6d0000)]
  0x00007f632076a000 JavaThread "cluster-ClusterId{value='5ba4d9cd0c02ec4ce50dc05d', description='null'}-localhost:27017" daemon [_thread_blocked, id=19731, stack(0x00007f62cf6d0000,0x00007f62cf7d1000)]
  0x00007f6320e27000 JavaThread "container-0" [_thread_blocked, id=19729, stack(0x00007f62cfdfe000,0x00007f62cfeff000)]
  0x00007f6320e24800 JavaThread "ContainerBackgroundProcessor[StandardEngine[Tomcat]]" daemon [_thread_blocked, id=19728, stack(0x00007f62cfeff000,0x00007f62d0000000)]
  0x00007f63200d8000 JavaThread "Service Thread" daemon [_thread_blocked, id=19702, stack(0x00007f6300ea5000,0x00007f6300fa6000)]
  0x00007f63200c3000 JavaThread "C1 CompilerThread2" daemon [_thread_blocked, id=19701, stack(0x00007f6300fa6000,0x00007f63010a7000)]
  0x00007f63200c1000 JavaThread "C2 CompilerThread1" daemon [_thread_blocked, id=19700, stack(0x00007f63010a7000,0x00007f63011a8000)]
  0x00007f63200be000 JavaThread "C2 CompilerThread0" daemon [_thread_blocked, id=19699, stack(0x00007f63011a8000,0x00007f63012a9000)]
  0x00007f63200bc800 JavaThread "Signal Dispatcher" daemon [_thread_blocked, id=19698, stack(0x00007f63012a9000,0x00007f63013aa000)]
  0x00007f632008a000 JavaThread "Finalizer" daemon [_thread_blocked, id=19697, stack(0x00007f6301806000,0x00007f6301907000)]
  0x00007f6320085800 JavaThread "Reference Handler" daemon [_thread_blocked, id=19696, stack(0x00007f6301907000,0x00007f6301a08000)]
  0x00007f6320010800 JavaThread "main" [_thread_blocked, id=19687, stack(0x00007f63286eb000,0x00007f63287ec000)]

Other Threads:
=>0x00007f632007e000 VMThread [stack: 0x00007f6301a08000,0x00007f6301b09000] [id=19695]
  0x00007f63200da800 WatcherThread [stack: 0x00007f6300da4000,0x00007f6300ea5000] [id=19703]

VM state:at safepoint (normal execution)

VM Mutex/Monitor currently owned by a thread:  ([mutex/lock_event])
[0x00007f632000ca30] Threads_lock - owner thread: 0x00007f632007e000
[0x00007f632000cf30] Heap_lock - owner thread: 0x00007f632076b800

Heap:
 PSYoungGen      total 245248K, used 18930K [0x00000000ec100000, 0x00000000fca80000, 0x0000000100000000)
  eden space 226304K, 0% used [0x00000000ec100000,0x00000000ec100000,0x00000000f9e00000)
  from space 18944K, 99% used [0x00000000f9e00000,0x00000000fb07c878,0x00000000fb080000)
  to   space 16384K, 0% used [0x00000000fb080000,0x00000000fb080000,0x00000000fc080000)
 ParOldGen       total 68096K, used 28954K [0x00000000c4200000, 0x00000000c8480000, 0x00000000ec100000)
  object space 68096K, 42% used [0x00000000c4200000,0x00000000c5e46918,0x00000000c8480000)
 Metaspace       used 48699K, capacity 49334K, committed 49704K, reserved 1093632K
  class space    used 5930K, capacity 6065K, committed 6184K, reserved 1048576K

Card table byte_map: [0x00007f6324bb5000,0x00007f6324d95000] byte_map_base: 0x00007f6324594000

Marking Bits: (ParMarkBitMap*) 0x00007f63279b43a0
 Begin Bits: [0x00007f6302210000, 0x00007f6303108000)
 End Bits:   [0x00007f6303108000, 0x00007f6304000000)

Polling page: 0x00007f6328808000

CodeCache: size=245760Kb used=17507Kb max_used=17992Kb free=228252Kb
 bounds [0x00007f6311000000, 0x00007f63121c0000, 0x00007f6320000000]
 total_blobs=5362 nmethods=4863 adapters=413
 compilation: enabled

Compilation events (10 events):
Event: 38,343 Thread 0x00007f63200c3000 5772       3       java.beans.MethodDescriptor::resolve (32 bytes)
Event: 38,344 Thread 0x00007f63200c1000 5773       4       org.springframework.core.SerializableTypeWrapper::forTypeProvider (208 bytes)
Event: 38,345 Thread 0x00007f63200be000 5774       4       org.springframework.core.ResolvableType::hashCode (22 bytes)
Event: 38,358 Thread 0x00007f63200c3000 nmethod 5772 0x00007f6311316c90 code [0x00007f6311316e40, 0x00007f63113174d0]
Event: 38,360 Thread 0x00007f63200c3000 5775 %     3       org.springframework.beans.GenericTypeAwarePropertyDescriptor::<init> @ 155 (328 bytes)
Event: 38,378 Thread 0x00007f63200c3000 nmethod 5775% 0x00007f63112655d0 code [0x00007f6311265ae0, 0x00007f6311268f18]
Event: 38,378 Thread 0x00007f63200c3000 5778       3       java.lang.Throwable::<init> (34 bytes)
Event: 38,379 Thread 0x00007f63200c3000 nmethod 5778 0x00007f6311439090 code [0x00007f6311439200, 0x00007f63114394e8]
Event: 38,379 Thread 0x00007f63200c3000 5782       3       org.springframework.aop.framework.autoproxy.AbstractAdvisorAutoProxyCreator::getAdvicesAndAdvisorsForBean (30 bytes)
Event: 38,405 Thread 0x00007f63200c3000 nmethod 5782 0x00007f63112402d0 code [0x00007f6311240460, 0x00007f6311240828]

GC Heap History (10 events):
Event: 10,024 GC heap after
Heap after GC invocations=12 (full 1):
 PSYoungGen      total 189952K, used 8683K [0x00000000ec100000, 0x00000000f8900000, 0x0000000100000000)
  eden space 181248K, 0% used [0x00000000ec100000,0x00000000ec100000,0x00000000f7200000)
  from space 8704K, 99% used [0x00000000f7b00000,0x00000000f837ad08,0x00000000f8380000)
  to   space 5632K, 0% used [0x00000000f8380000,0x00000000f8380000,0x00000000f8900000)
 ParOldGen       total 34304K, used 12903K [0x00000000c4200000, 0x00000000c6380000, 0x00000000ec100000)
  object space 34304K, 37% used [0x00000000c4200000,0x00000000c4e99d60,0x00000000c6380000)
 Metaspace       used 29825K, capacity 30230K, committed 30384K, reserved 1075200K
  class space    used 3613K, capacity 3715K, committed 3760K, reserved 1048576K
}
Event: 12,498 GC heap before
{Heap before GC invocations=13 (full 1):
 PSYoungGen      total 189952K, used 94896K [0x00000000ec100000, 0x00000000f8900000, 0x0000000100000000)
  eden space 181248K, 47% used [0x00000000ec100000,0x00000000f15314c0,0x00000000f7200000)
  from space 8704K, 99% used [0x00000000f7b00000,0x00000000f837ad08,0x00000000f8380000)
  to   space 5632K, 0% used [0x00000000f8380000,0x00000000f8380000,0x00000000f8900000)
 ParOldGen       total 34304K, used 12903K [0x00000000c4200000, 0x00000000c6380000, 0x00000000ec100000)
  object space 34304K, 37% used [0x00000000c4200000,0x00000000c4e99d60,0x00000000c6380000)
 Metaspace       used 34831K, capacity 35214K, committed 35496K, reserved 1081344K
  class space    used 4293K, capacity 4405K, committed 4520K, reserved 1048576K
Event: 12,573 GC heap after
Heap after GC invocations=13 (full 1):
 PSYoungGen      total 189952K, used 5616K [0x00000000ec100000, 0x00000000fb680000, 0x0000000100000000)
  eden space 184320K, 0% used [0x00000000ec100000,0x00000000ec100000,0x00000000f7500000)
  from space 5632K, 99% used [0x00000000f8380000,0x00000000f88fc020,0x00000000f8900000)
  to   space 14848K, 0% used [0x00000000f7500000,0x00000000f7500000,0x00000000f8380000)
 ParOldGen       total 34304K, used 22700K [0x00000000c4200000, 0x00000000c6380000, 0x00000000ec100000)
  object space 34304K, 66% used [0x00000000c4200000,0x00000000c582b1d8,0x00000000c6380000)
 Metaspace       used 34831K, capacity 35214K, committed 35496K, reserved 1081344K
  class space    used 4293K, capacity 4405K, committed 4520K, reserved 1048576K
}
Event: 12,573 GC heap before
{Heap before GC invocations=14 (full 2):
 PSYoungGen      total 189952K, used 5616K [0x00000000ec100000, 0x00000000fb680000, 0x0000000100000000)
  eden space 184320K, 0% used [0x00000000ec100000,0x00000000ec100000,0x00000000f7500000)
  from space 5632K, 99% used [0x00000000f8380000,0x00000000f88fc020,0x00000000f8900000)
  to   space 14848K, 0% used [0x00000000f7500000,0x00000000f7500000,0x00000000f8380000)
 ParOldGen       total 34304K, used 22700K [0x00000000c4200000, 0x00000000c6380000, 0x00000000ec100000)
  object space 34304K, 66% used [0x00000000c4200000,0x00000000c582b1d8,0x00000000c6380000)
 Metaspace       used 34831K, capacity 35214K, committed 35496K, reserved 1081344K
  class space    used 4293K, capacity 4405K, committed 4520K, reserved 1048576K
Event: 12,770 GC heap after
Heap after GC invocations=14 (full 2):
 PSYoungGen      total 189952K, used 0K [0x00000000ec100000, 0x00000000fb680000, 0x0000000100000000)
  eden space 184320K, 0% used [0x00000000ec100000,0x00000000ec100000,0x00000000f7500000)
  from space 5632K, 0% used [0x00000000f8380000,0x00000000f8380000,0x00000000f8900000)
  to   space 14848K, 0% used [0x00000000f7500000,0x00000000f7500000,0x00000000f8380000)
 ParOldGen       total 68096K, used 23553K [0x00000000c4200000, 0x00000000c8480000, 0x00000000ec100000)
  object space 68096K, 34% used [0x00000000c4200000,0x00000000c59004e0,0x00000000c8480000)
 Metaspace       used 34831K, capacity 35214K, committed 35496K, reserved 1081344K
  class space    used 4293K, capacity 4405K, committed 4520K, reserved 1048576K
}
Event: 18,748 GC heap before
{Heap before GC invocations=15 (full 2):
 PSYoungGen      total 189952K, used 184320K [0x00000000ec100000, 0x00000000fb680000, 0x0000000100000000)
  eden space 184320K, 100% used [0x00000000ec100000,0x00000000f7500000,0x00000000f7500000)
  from space 5632K, 0% used [0x00000000f8380000,0x00000000f8380000,0x00000000f8900000)
  to   space 14848K, 0% used [0x00000000f7500000,0x00000000f7500000,0x00000000f8380000)
 ParOldGen       total 68096K, used 23553K [0x00000000c4200000, 0x00000000c8480000, 0x00000000ec100000)
  object space 68096K, 34% used [0x00000000c4200000,0x00000000c59004e0,0x00000000c8480000)
 Metaspace       used 43764K, capacity 44212K, committed 44712K, reserved 1089536K
  class space    used 5328K, capacity 5446K, committed 5544K, reserved 1048576K
Event: 18,827 GC heap after
Heap after GC invocations=15 (full 2):
 PSYoungGen      total 199168K, used 13132K [0x00000000ec100000, 0x00000000fc080000, 0x0000000100000000)
  eden space 184320K, 0% used [0x00000000ec100000,0x00000000ec100000,0x00000000f7500000)
  from space 14848K, 88% used [0x00000000f7500000,0x00000000f81d33e8,0x00000000f8380000)
  to   space 16384K, 0% used [0x00000000fb080000,0x00000000fb080000,0x00000000fc080000)
 ParOldGen       total 68096K, used 23561K [0x00000000c4200000, 0x00000000c8480000, 0x00000000ec100000)
  object space 68096K, 34% used [0x00000000c4200000,0x00000000c59024e0,0x00000000c8480000)
 Metaspace       used 43764K, capacity 44212K, committed 44712K, reserved 1089536K
  class space    used 5328K, capacity 5446K, committed 5544K, reserved 1048576K
}
Event: 20,321 GC heap before
{Heap before GC invocations=16 (full 2):
 PSYoungGen      total 199168K, used 197452K [0x00000000ec100000, 0x00000000fc080000, 0x0000000100000000)
  eden space 184320K, 100% used [0x00000000ec100000,0x00000000f7500000,0x00000000f7500000)
  from space 14848K, 88% used [0x00000000f7500000,0x00000000f81d33e8,0x00000000f8380000)
  to   space 16384K, 0% used [0x00000000fb080000,0x00000000fb080000,0x00000000fc080000)
 ParOldGen       total 68096K, used 23561K [0x00000000c4200000, 0x00000000c8480000, 0x00000000ec100000)
  object space 68096K, 34% used [0x00000000c4200000,0x00000000c59024e0,0x00000000c8480000)
 Metaspace       used 44672K, capacity 45114K, committed 45480K, reserved 1089536K
  class space    used 5382K, capacity 5511K, committed 5544K, reserved 1048576K
Event: 20,381 GC heap after
Heap after GC invocations=16 (full 2):
 PSYoungGen      total 242688K, used 15632K [0x00000000ec100000, 0x00000000fca80000, 0x0000000100000000)
  eden space 226304K, 0% used [0x00000000ec100000,0x00000000ec100000,0x00000000f9e00000)
  from space 16384K, 95% used [0x00000000fb080000,0x00000000fbfc43b0,0x00000000fc080000)
  to   space 18944K, 0% used [0x00000000f9e00000,0x00000000f9e00000,0x00000000fb080000)
 ParOldGen       total 68096K, used 23577K [0x00000000c4200000, 0x00000000c8480000, 0x00000000ec100000)
  object space 68096K, 34% used [0x00000000c4200000,0x00000000c59064e0,0x00000000c8480000)
 Metaspace       used 44672K, capacity 45114K, committed 45480K, reserved 1089536K
  class space    used 5382K, capacity 5511K, committed 5544K, reserved 1048576K
}
Event: 38,810 GC heap before
{Heap before GC invocations=17 (full 2):
 PSYoungGen      total 242688K, used 241936K [0x00000000ec100000, 0x00000000fca80000, 0x0000000100000000)
  eden space 226304K, 100% used [0x00000000ec100000,0x00000000f9e00000,0x00000000f9e00000)
  from space 16384K, 95% used [0x00000000fb080000,0x00000000fbfc43b0,0x00000000fc080000)
  to   space 18944K, 0% used [0x00000000f9e00000,0x00000000f9e00000,0x00000000fb080000)
 ParOldGen       total 68096K, used 23577K [0x00000000c4200000, 0x00000000c8480000, 0x00000000ec100000)
  object space 68096K, 34% used [0x00000000c4200000,0x00000000c59064e0,0x00000000c8480000)
 Metaspace       used 48699K, capacity 49334K, committed 49704K, reserved 1093632K
  class space    used 5930K, capacity 6065K, committed 6184K, reserved 1048576K

Deoptimization events (10 events):
Event: 23,365 Thread 0x00007f6320010800 Uncommon trap: reason=class_check action=maybe_recompile pc=0x00007f63118b61a0 method=com.sun.beans.TypeResolver.erase(Ljava/lang/reflect/Type;)Ljava/lang/Class; @ 35
Event: 23,365 Thread 0x00007f6320010800 Uncommon trap: reason=class_check action=maybe_recompile pc=0x00007f63118b61a0 method=com.sun.beans.TypeResolver.erase(Ljava/lang/reflect/Type;)Ljava/lang/Class; @ 35
Event: 23,366 Thread 0x00007f6320010800 Uncommon trap: reason=class_check action=maybe_recompile pc=0x00007f63118b61a0 method=com.sun.beans.TypeResolver.erase(Ljava/lang/reflect/Type;)Ljava/lang/Class; @ 35
Event: 24,839 Thread 0x00007f6320010800 Uncommon trap: reason=predicate action=maybe_recompile pc=0x00007f6311d7be7c method=org.springframework.util.ReflectionUtils.doWithMethods(Ljava/lang/Class;Lorg/springframework/util/ReflectionUtils$MethodCallback;Lorg/springframework/util/ReflectionUtils$
Event: 24,852 Thread 0x00007f6320010800 Uncommon trap: reason=bimorphic action=maybe_recompile pc=0x00007f6311bf62f0 method=org.springframework.core.annotation.AnnotationUtils.isSynthesizable(Ljava/lang/Class;)Z @ 59
Event: 25,602 Thread 0x00007f6320010800 Uncommon trap: reason=bimorphic action=maybe_recompile pc=0x00007f6311bf62f0 method=org.springframework.core.annotation.AnnotationUtils.isSynthesizable(Ljava/lang/Class;)Z @ 59
Event: 25,610 Thread 0x00007f6320010800 Uncommon trap: reason=bimorphic action=maybe_recompile pc=0x00007f6311bf62f0 method=org.springframework.core.annotation.AnnotationUtils.isSynthesizable(Ljava/lang/Class;)Z @ 59
Event: 25,660 Thread 0x00007f6320010800 Uncommon trap: reason=bimorphic action=maybe_recompile pc=0x00007f6311bf62f0 method=org.springframework.core.annotation.AnnotationUtils.isSynthesizable(Ljava/lang/Class;)Z @ 59
Event: 25,811 Thread 0x00007f6320010800 Uncommon trap: reason=unstable_if action=reinterpret pc=0x00007f63117e04ac method=org.springframework.util.AntPathMatcher.skipSegment(Ljava/lang/String;ILjava/lang/String;)I @ 60
Event: 26,213 Thread 0x00007f6320010800 Uncommon trap: reason=unstable_if action=reinterpret pc=0x00007f631182bf10 method=org.springframework.util.CollectionUtils.isEmpty(Ljava/util/Collection;)Z @ 10

Classes redefined (0 events):
No events

Internal exceptions (10 events):
Event: 37,657 Thread 0x00007f6320010800 Exception <a 'java/lang/ClassNotFoundException': org/springframework/context/support/ApplicationObjectSupportCustomizer> (0x00000000f981f6b8) thrown at [/build/openjdk-8-pREaNj/openjdk-8-8u181-b13/src/hotspot/src/share/vm/classfile/systemDictionary.cpp, l
Event: 37,661 Thread 0x00007f6320010800 Exception <a 'java/lang/ClassNotFoundException': org/springframework/web/context/support/WebApplicationObjectSupportCustomizer> (0x00000000f9854c18) thrown at [/build/openjdk-8-pREaNj/openjdk-8-8u181-b13/src/hotspot/src/share/vm/classfile/systemDictionary
Event: 37,684 Thread 0x00007f6320010800 Exception <a 'java/lang/ClassNotFoundException': org/springframework/web/servlet/support/WebContentGeneratorCustomizer> (0x00000000f9884550) thrown at [/build/openjdk-8-pREaNj/openjdk-8-8u181-b13/src/hotspot/src/share/vm/classfile/systemDictionary.cpp, li
Event: 38,274 Thread 0x00007f6320010800 Exception <a 'java/lang/ClassNotFoundException': org/springframework/web/servlet/resource/ResourceHttpRequestHandlerCustomizer> (0x00000000f98cfee8) thrown at [/build/openjdk-8-pREaNj/openjdk-8-8u181-b13/src/hotspot/src/share/vm/classfile/systemDictionary
Event: 38,347 Thread 0x00007f6320010800 Exception <a 'java/lang/ClassNotFoundException': org/springframework/web/HttpRequestHandlerCustomizer> (0x00000000f9947248) thrown at [/build/openjdk-8-pREaNj/openjdk-8-8u181-b13/src/hotspot/src/share/vm/classfile/systemDictionary.cpp, line 210]
Event: 38,348 Thread 0x00007f6320010800 Exception <a 'java/lang/ClassNotFoundException': org/springframework/context/EmbeddedValueResolverAwareCustomizer> (0x00000000f9973320) thrown at [/build/openjdk-8-pREaNj/openjdk-8-8u181-b13/src/hotspot/src/share/vm/classfile/systemDictionary.cpp, line 21
Event: 38,351 Thread 0x00007f6320010800 Exception <a 'java/lang/ClassNotFoundException': org/springframework/beans/factory/InitializingBeanCustomizer> (0x00000000f999dd30) thrown at [/build/openjdk-8-pREaNj/openjdk-8-8u181-b13/src/hotspot/src/share/vm/classfile/systemDictionary.cpp, line 210]
Event: 38,351 Thread 0x00007f6320010800 Exception <a 'java/lang/ClassNotFoundException': org/springframework/web/cors/CorsConfigurationSourceCustomizer> (0x00000000f99c8838) thrown at [/build/openjdk-8-pREaNj/openjdk-8-8u181-b13/src/hotspot/src/share/vm/classfile/systemDictionary.cpp, line 210]
Event: 38,352 Thread 0x00007f6320010800 Exception <a 'java/lang/ClassNotFoundException': org/springframework/web/context/ServletContextAwareCustomizer> (0x00000000f99f3518) thrown at [/build/openjdk-8-pREaNj/openjdk-8-8u181-b13/src/hotspot/src/share/vm/classfile/systemDictionary.cpp, line 210]
Event: 38,353 Thread 0x00007f6320010800 Exception <a 'java/lang/ClassNotFoundException': org/springframework/context/ApplicationContextAwareCustomizer> (0x00000000f9a1e840) thrown at [/build/openjdk-8-pREaNj/openjdk-8-8u181-b13/src/hotspot/src/share/vm/classfile/systemDictionary.cpp, line 210]

Events (10 events):
Event: 38,406 Thread 0x00007f63200c3000 flushing nmethod 0x00007f63116cec10
Event: 38,512 Thread 0x00007f6320010800 DEOPT PACKING pc=0x00007f6311a492a6 sp=0x00007f63287e8a80
Event: 38,513 Thread 0x00007f6320010800 DEOPT UNPACKING pc=0x00007f63110474c4 sp=0x00007f63287e88e8 mode 0
Event: 38,518 Thread 0x00007f6320010800 DEOPT PACKING pc=0x00007f6311a492a6 sp=0x00007f63287e87a0
Event: 38,518 Thread 0x00007f6320010800 DEOPT UNPACKING pc=0x00007f63110474c4 sp=0x00007f63287e8608 mode 0
Event: 38,538 loading class org/springframework/web/servlet/view/AbstractView
Event: 38,538 loading class org/springframework/web/servlet/view/AbstractView done
Event: 38,776 Executing VM operation: ParallelGCFailedAllocation
Event: 38,777 loading class org/springframework/web/servlet/view/RedirectView
Event: 38,780 loading class org/springframework/web/servlet/view/RedirectView done


Dynamic libraries:
00400000-00401000 r-xp 00000000 08:06 4330939                            /usr/lib/jvm/java-8-openjdk-amd64/jre/bin/java
00600000-00601000 r--p 00000000 08:06 4330939                            /usr/lib/jvm/java-8-openjdk-amd64/jre/bin/java
00601000-00602000 rw-p 00001000 08:06 4330939                            /usr/lib/jvm/java-8-openjdk-amd64/jre/bin/java
01c5b000-01c7c000 rw-p 00000000 00:00 0                                  [heap]
c4200000-c8480000 rw-p 00000000 00:00 0 
c8480000-ec100000 ---p 00000000 00:00 0 
ec100000-fca80000 rw-p 00000000 00:00 0 
100000000-10060a000 rw-p 00000000 00:00 0 
10060a000-140000000 ---p 00000000 00:00 0 
7f62ac000000-7f62ac021000 rw-p 00000000 00:00 0 
7f62ac021000-7f62b0000000 ---p 00000000 00:00 0 
7f62b4000000-7f62b4021000 rw-p 00000000 00:00 0 
7f62b4021000-7f62b8000000 ---p 00000000 00:00 0 
7f62b8000000-7f62b8021000 rw-p 00000000 00:00 0 
7f62b8021000-7f62bc000000 ---p 00000000 00:00 0 
7f62bc000000-7f62bc021000 rw-p 00000000 00:00 0 
7f62bc021000-7f62c0000000 ---p 00000000 00:00 0 
7f62c0000000-7f62c0067000 rw-p 00000000 00:00 0 
7f62c0067000-7f62c4000000 ---p 00000000 00:00 0 
7f62c4000000-7f62c4021000 rw-p 00000000 00:00 0 
7f62c4021000-7f62c8000000 ---p 00000000 00:00 0 
7f62c8000000-7f62c80ac000 rw-p 00000000 00:00 0 
7f62c80ac000-7f62cc000000 ---p 00000000 00:00 0 
7f62ce5cd000-7f62ce64d000 rw-p 00000000 00:00 0 
7f62ce64d000-7f62ce7cd000 ---p 00000000 00:00 0 
7f62ce7cd000-7f62ce9cd000 rw-p 00000000 00:00 0 
7f62ce9cd000-7f62cebcd000 rw-p 00000000 00:00 0 
7f62cebcd000-7f62cedcd000 rw-p 00000000 00:00 0 
7f62cedcd000-7f62cefcd000 rw-p 00000000 00:00 0 
7f62cefcd000-7f62cefd0000 ---p 00000000 00:00 0 
7f62cefd0000-7f62cf0ce000 rw-p 00000000 00:00 0 
7f62cf0ce000-7f62cf0d1000 ---p 00000000 00:00 0 
7f62cf0d1000-7f62cf3cf000 rw-p 00000000 00:00 0 
7f62cf3cf000-7f62cf5cf000 rw-p 00000000 00:00 0 
7f62cf5cf000-7f62cf5d2000 ---p 00000000 00:00 0 
7f62cf5d2000-7f62cf6d0000 rw-p 00000000 00:00 0 
7f62cf6d0000-7f62cf6d3000 ---p 00000000 00:00 0 
7f62cf6d3000-7f62cf9d1000 rw-p 00000000 00:00 0 
7f62cf9d1000-7f62cf9f9000 r-xp 00000000 08:06 4330659                    /usr/lib/jvm/java-8-openjdk-amd64/jre/lib/amd64/libsunec.so
7f62cf9f9000-7f62cfbf9000 ---p 00028000 08:06 4330659                    /usr/lib/jvm/java-8-openjdk-amd64/jre/lib/amd64/libsunec.so
7f62cfbf9000-7f62cfbfd000 r--p 00028000 08:06 4330659                    /usr/lib/jvm/java-8-openjdk-amd64/jre/lib/amd64/libsunec.so
7f62cfbfd000-7f62cfbfe000 rw-p 0002c000 08:06 4330659                    /usr/lib/jvm/java-8-openjdk-amd64/jre/lib/amd64/libsunec.so
7f62cfbfe000-7f62cfdfe000 rw-p 00000000 00:00 0 
7f62cfdfe000-7f62cfe01000 ---p 00000000 00:00 0 
7f62cfe01000-7f62cfeff000 rw-p 00000000 00:00 0 
7f62cfeff000-7f62cff02000 ---p 00000000 00:00 0 
7f62cff02000-7f62d0000000 rw-p 00000000 00:00 0 
7f62d0000000-7f62d02da000 rw-p 00000000 00:00 0 
7f62d02da000-7f62d4000000 ---p 00000000 00:00 0 
7f62d4000000-7f62d4021000 rw-p 00000000 00:00 0 
7f62d4021000-7f62d8000000 ---p 00000000 00:00 0 
7f62d8099000-7f62d8299000 rw-p 00000000 00:00 0 
7f62d8299000-7f62d8499000 rw-p 00000000 00:00 0 
7f62d84a6000-7f62d86a6000 rw-p 00000000 00:00 0 
7f62d86a6000-7f62d88a6000 rw-p 00000000 00:00 0 
7f62d88eb000-7f62d8aeb000 rw-p 00000000 00:00 0 
7f62d8aeb000-7f62d8aee000 ---p 00000000 00:00 0 
7f62d8aee000-7f62d8bec000 rw-p 00000000 00:00 0 
7f62d8bec000-7f62d8bfd000 r-xp 00000000 08:06 4330757                    /usr/lib/jvm/java-8-openjdk-amd64/jre/lib/amd64/libnio.so
7f62d8bfd000-7f62d8dfd000 ---p 00011000 08:06 4330757                    /usr/lib/jvm/java-8-openjdk-amd64/jre/lib/amd64/libnio.so
7f62d8dfd000-7f62d8dfe000 r--p 00011000 08:06 4330757                    /usr/lib/jvm/java-8-openjdk-amd64/jre/lib/amd64/libnio.so
7f62d8dfe000-7f62d8dff000 rw-p 00012000 08:06 4330757                    /usr/lib/jvm/java-8-openjdk-amd64/jre/lib/amd64/libnio.so
7f62d8dff000-7f62d8fff000 rw-p 00000000 00:00 0 
7f62d8fff000-7f62dc000000 rw-p 00000000 00:00 0 
7f62dc000000-7f62dd244000 rw-p 00000000 00:00 0 
7f62dd244000-7f62e0000000 ---p 00000000 00:00 0 
7f62e0000000-7f62e0021000 rw-p 00000000 00:00 0 
7f62e0021000-7f62e4000000 ---p 00000000 00:00 0 
7f62e4000000-7f62e5f39000 rw-p 00000000 00:00 0 
7f62e5f39000-7f62e8000000 ---p 00000000 00:00 0 
7f62e8000000-7f62e9c25000 rw-p 00000000 00:00 0 
7f62e9c25000-7f62ec000000 ---p 00000000 00:00 0 
7f62ec000000-7f62ec021000 rw-p 00000000 00:00 0 
7f62ec021000-7f62f0000000 ---p 00000000 00:00 0 
7f62f0000000-7f62f0021000 rw-p 00000000 00:00 0 
7f62f0021000-7f62f4000000 ---p 00000000 00:00 0 
7f62f4000000-7f62f4021000 rw-p 00000000 00:00 0 
7f62f4021000-7f62f8000000 ---p 00000000 00:00 0 
7f62f8000000-7f62f8021000 rw-p 00000000 00:00 0 
7f62f8021000-7f62fc000000 ---p 00000000 00:00 0 
7f62fc000000-7f62fc021000 rw-p 00000000 00:00 0 
7f62fc021000-7f6300000000 ---p 00000000 00:00 0 
7f6300095000-7f6300097000 r--s 00016000 08:06 4330639                    /usr/lib/jvm/java-8-openjdk-amd64/jre/lib/jce.jar
7f6300097000-7f630009c000 r--s 002f9000 08:06 4330909                    /usr/lib/jvm/java-8-openjdk-amd64/jre/lib/charsets.jar
7f630009c000-7f63000a1000 r--s 0009d000 08:06 4330619                    /usr/lib/jvm/java-8-openjdk-amd64/jre/lib/jsse.jar
7f63000a1000-7f63002a1000 rw-p 00000000 00:00 0 
7f63002a1000-7f63004a1000 rw-p 00000000 00:00 0 
7f63004a1000-7f63006a1000 rw-p 00000000 00:00 0 
7f63006a1000-7f63006a4000 ---p 00000000 00:00 0 
7f63006a4000-7f63007a2000 rw-p 00000000 00:00 0 
7f63007a2000-7f63007b9000 r-xp 00000000 08:06 4330645                    /usr/lib/jvm/java-8-openjdk-amd64/jre/lib/amd64/libnet.so
7f63007b9000-7f63009b8000 ---p 00017000 08:06 4330645                    /usr/lib/jvm/java-8-openjdk-amd64/jre/lib/amd64/libnet.so
7f63009b8000-7f63009b9000 r--p 00016000 08:06 4330645                    /usr/lib/jvm/java-8-openjdk-amd64/jre/lib/amd64/libnet.so
7f63009b9000-7f63009ba000 rw-p 00017000 08:06 4330645                    /usr/lib/jvm/java-8-openjdk-amd64/jre/lib/amd64/libnet.so
7f63009ba000-7f63009c3000 r-xp 00000000 08:06 4330650                    /usr/lib/jvm/java-8-openjdk-amd64/jre/lib/amd64/libmanagement.so
7f63009c3000-7f6300bc2000 ---p 00009000 08:06 4330650                    /usr/lib/jvm/java-8-openjdk-amd64/jre/lib/amd64/libmanagement.so
7f6300bc2000-7f6300bc3000 r--p 00008000 08:06 4330650                    /usr/lib/jvm/java-8-openjdk-amd64/jre/lib/amd64/libmanagement.so
7f6300bc3000-7f6300bc4000 rw-p 00009000 08:06 4330650                    /usr/lib/jvm/java-8-openjdk-amd64/jre/lib/amd64/libmanagement.so
7f6300bc4000-7f6300bcb000 r--s 00000000 08:06 4598465                    /usr/lib/x86_64-linux-gnu/gconv/gconv-modules.cache
7f6300bcb000-7f6300bf1000 r--p 00000000 08:06 5115735                    /usr/share/locale-langpack/de/LC_MESSAGES/libc.mo
7f6300bf1000-7f6300bf3000 r--s 00004000 08:06 1979203                    /home/philipp/.m2/repository/org/mapstruct/mapstruct-jdk8/1.2.0.Final/mapstruct-jdk8-1.2.0.Final.jar
7f6300bf3000-7f6300c03000 r--s 000a8000 08:06 1464325                    /home/philipp/.m2/repository/org/apache/commons/commons-collections4/4.1/commons-collections4-4.1.jar
7f6300c03000-7f6300c0b000 r--s 00072000 08:06 2099532                    /home/philipp/.m2/repository/org/apache/commons/commons-lang3/3.7/commons-lang3-3.7.jar
7f6300c0b000-7f6300c21000 r--s 000fe000 08:06 3823365                    /home/philipp/.m2/repository/org/springframework/spring-core/4.3.14.RELEASE/spring-core-4.3.14.RELEASE.jar
7f6300c21000-7f6300c33000 r--s 000cf000 08:06 3953568                    /home/philipp/.m2/repository/org/springframework/spring-webmvc/4.3.14.RELEASE/spring-webmvc-4.3.14.RELEASE.jar
7f6300c33000-7f6300c35000 r--s 0000e000 08:06 1850208                    /home/philipp/.m2/repository/com/fasterxml/classmate/1.3.4/classmate-1.3.4.jar
7f6300c35000-7f6300c38000 r--s 0000e000 08:06 3823363                    /home/philipp/.m2/repository/org/jboss/logging/jboss-logging/3.3.1.Final/jboss-logging-3.3.1.Final.jar
7f6300c38000-7f6300c49000 r--s 000a1000 08:06 3823361                    /home/philipp/.m2/repository/org/hibernate/hibernate-validator/5.3.6.Final/hibernate-validator-5.3.6.Final.jar
7f6300c49000-7f6300c4a000 r--s 00000000 08:06 3953566                    /home/philipp/.m2/repository/org/springframework/boot/spring-boot-starter-web/1.5.10.RELEASE/spring-boot-starter-web-1.5.10.RELEASE.jar
7f6300c4a000-7f6300c4c000 r--s 00007000 08:06 2241413                    /home/philipp/.m2/repository/com/fasterxml/jackson/module/jackson-module-jaxb-annotations/2.8.10/jackson-module-jaxb-annotations-2.8.10.jar
7f6300c4c000-7f6300c4d000 r--s 00003000 08:06 2101875                    /home/philipp/.m2/repository/com/fasterxml/jackson/jaxrs/jackson-jaxrs-json-provider/2.8.10/jackson-jaxrs-json-provider-2.8.10.jar
7f6300c4d000-7f6300c4e000 r--s 00007000 08:06 1850206                    /home/philipp/.m2/repository/com/fasterxml/jackson/jaxrs/jackson-jaxrs-base/2.8.10/jackson-jaxrs-base-2.8.10.jar
7f6300c4e000-7f6300c51000 r--s 0000f000 08:06 3953564                    /home/philipp/.m2/repository/org/glassfish/jersey/ext/jersey-entity-filtering/2.25.1/jersey-entity-filtering-2.25.1.jar
7f6300c51000-7f6300c53000 r--s 00004000 08:06 3953562                    /home/philipp/.m2/repository/org/glassfish/jersey/media/jersey-media-json-jackson/2.25.1/jersey-media-json-jackson-2.25.1.jar
7f6300c53000-7f6300c55000 r--s 00002000 08:06 3953560                    /home/philipp/.m2/repository/org/glassfish/hk2/spring-bridge/2.5.0-b32/spring-bridge-2.5.0-b32.jar
7f6300c55000-7f6300c60000 r--s 000c1000 08:06 3953558                    /home/philipp/.m2/repository/org/glassfish/hk2/external/asm-all-repackaged/2.5.0-b32/asm-all-repackaged-2.5.0-b32.jar
7f6300c60000-7f6300c63000 r--s 00013000 08:06 3953556                    /home/philipp/.m2/repository/org/glassfish/hk2/class-model/2.5.0-b32/class-model-2.5.0-b32.jar
7f6300c63000-7f6300c66000 r--s 0000c000 08:06 3953554                    /home/philipp/.m2/repository/org/glassfish/hk2/hk2-runlevel/2.5.0-b32/hk2-runlevel-2.5.0-b32.jar
7f6300c66000-7f6300c6b000 r--s 0002e000 08:06 3953552                    /home/philipp/.m2/repository/org/glassfish/hk2/hk2-config/2.5.0-b32/hk2-config-2.5.0-b32.jar
7f6300c6b000-7f6300c6e000 r--s 0001a000 08:06 3953550                    /home/philipp/.m2/repository/org/glassfish/hk2/hk2-core/2.5.0-b32/hk2-core-2.5.0-b32.jar
7f6300c6e000-7f6300c6f000 r--s 00002000 08:06 3953548                    /home/philipp/.m2/repository/org/glassfish/hk2/config-types/2.5.0-b32/config-types-2.5.0-b32.jar
7f6300c6f000-7f6300c70000 r--s 00000000 08:06 3953546                    /home/philipp/.m2/repository/org/glassfish/hk2/hk2/2.5.0-b32/hk2-2.5.0-b32.jar
7f6300c70000-7f6300c72000 r--s 00004000 08:06 3953544                    /home/philipp/.m2/repository/org/glassfish/jersey/ext/jersey-spring3/2.25.1/jersey-spring3-2.25.1.jar
7f6300c72000-7f6300c74000 r--s 00008000 08:06 3953542                    /home/philipp/.m2/repository/org/glassfish/jersey/ext/jersey-bean-validation/2.25.1/jersey-bean-validation-2.25.1.jar
7f6300c74000-7f6300c76000 r--s 00003000 08:06 3953540                    /home/philipp/.m2/repository/org/glassfish/jersey/containers/jersey-container-servlet/2.25.1/jersey-container-servlet-2.25.1.jar
7f6300c76000-7f6300c79000 r--s 0000e000 08:06 3953538                    /home/philipp/.m2/repository/org/glassfish/jersey/containers/jersey-container-servlet-core/2.25.1/jersey-container-servlet-core-2.25.1.jar
7f6300c79000-7f6300c7d000 r--s 0000c000 08:06 3823359                    /home/philipp/.m2/repository/javax/validation/validation-api/1.1.0.Final/validation-api-1.1.0.Final.jar
7f6300c7d000-7f6300c87000 r--s 000aa000 08:06 3823357                    /home/philipp/.m2/repository/org/javassist/javassist/3.21.0-GA/javassist-3.21.0-GA.jar
7f6300c87000-7f6300c8a000 r--s 0002b000 08:06 3823355                    /home/philipp/.m2/repository/org/glassfish/hk2/hk2-locator/2.5.0-b32/hk2-locator-2.5.0-b32.jar
7f6300c8a000-7f6300c8b000 r--s 00001000 08:06 3823353                    /home/philipp/.m2/repository/org/glassfish/hk2/external/javax.inject/2.5.0-b32/javax.inject-2.5.0-b32.jar
7f6300c8b000-7f6300c8d000 r--s 00002000 08:06 3823351                    /home/philipp/.m2/repository/org/glassfish/hk2/external/aopalliance-repackaged/2.5.0-b32/aopalliance-repackaged-2.5.0-b32.jar
7f6300c8d000-7f6300c90000 r--s 0001e000 08:06 3823349                    /home/philipp/.m2/repository/org/glassfish/hk2/hk2-utils/2.5.0-b32/hk2-utils-2.5.0-b32.jar
7f6300c90000-7f6300c96000 r--s 00028000 08:06 3823347                    /home/philipp/.m2/repository/org/glassfish/hk2/hk2-api/2.5.0-b32/hk2-api-2.5.0-b32.jar
7f6300c96000-7f6300c98000 r--s 00005000 08:06 3823345                    /home/philipp/.m2/repository/javax/annotation/javax.annotation-api/1.2/javax.annotation-api-1.2.jar
7f6300c98000-7f6300c9a000 r--s 00010000 08:06 3953536                    /home/philipp/.m2/repository/org/glassfish/jersey/media/jersey-media-jaxb/2.25.1/jersey-media-jaxb-2.25.1.jar
7f6300c9a000-7f6300c9e000 r--s 00019000 08:06 3823343                    /home/philipp/.m2/repository/javax/ws/rs/javax.ws.rs-api/2.0.1/javax.ws.rs-api-2.0.1.jar
7f6300c9e000-7f6300ca2000 r--s 00026000 08:06 3693268                    /home/philipp/.m2/repository/org/glassfish/jersey/core/jersey-client/2.25.1/jersey-client-2.25.1.jar
7f6300ca2000-7f6300ca3000 r--s 00004000 08:06 3823341                    /home/philipp/.m2/repository/org/glassfish/hk2/osgi-resource-locator/1.0.1/osgi-resource-locator-1.0.1.jar
7f6300ca3000-7f6300cbb000 r--s 000d6000 08:06 3823339                    /home/philipp/.m2/repository/org/glassfish/jersey/bundles/repackaged/jersey-guava/2.25.1/jersey-guava-2.25.1.jar
7f6300cbb000-7f6300cc9000 r--s 000a1000 08:06 3693266                    /home/philipp/.m2/repository/org/glassfish/jersey/core/jersey-common/2.25.1/jersey-common-2.25.1.jar
7f6300cc9000-7f6300cde000 r--s 000d1000 08:06 2631688                    /home/philipp/.m2/repository/org/glassfish/jersey/core/jersey-server/2.25.1/jersey-server-2.25.1.jar
7f6300cde000-7f6300cf0000 r--s 000b8000 08:06 3823335                    /home/philipp/.m2/repository/org/springframework/spring-web/4.3.14.RELEASE/spring-web-4.3.14.RELEASE.jar
7f6300cf0000-7f6300cf4000 r--s 00042000 08:06 2366798                    /home/philipp/.m2/repository/com/fasterxml/jackson/core/jackson-core/2.8.10/jackson-core-2.8.10.jar
7f6300cf4000-7f6300cf7000 r--s 0000b000 08:06 2241407                    /home/philipp/.m2/repository/com/fasterxml/jackson/core/jackson-annotations/2.8.0/jackson-annotations-2.8.0.jar
7f6300cf7000-7f6300d09000 r--s 0011e000 08:06 1972954                    /home/philipp/.m2/repository/com/fasterxml/jackson/core/jackson-databind/2.8.10/jackson-databind-2.8.10.jar
7f6300d09000-7f6300d0a000 r--s 00000000 08:06 3823333                    /home/philipp/.m2/repository/org/springframework/boot/spring-boot-starter-validation/1.5.10.RELEASE/spring-boot-starter-validation-1.5.10.RELEASE.jar
7f6300d0a000-7f6300d0f000 r--s 0003a000 08:06 3823331                    /home/philipp/.m2/repository/org/apache/tomcat/embed/tomcat-embed-websocket/8.5.27/tomcat-embed-websocket-8.5.27.jar
7f6300d0f000-7f6300d13000 r--s 00037000 08:06 3823329                    /home/philipp/.m2/repository/org/apache/tomcat/embed/tomcat-embed-el/8.5.27/tomcat-embed-el-8.5.27.jar
7f6300d13000-7f6300d15000 r--s 00002000 08:06 3823327                    /home/philipp/.m2/repository/org/apache/tomcat/tomcat-annotations-api/8.5.27/tomcat-annotations-api-8.5.27.jar
7f6300d15000-7f6300d3e000 r--s 002ce000 08:06 3823325                    /home/philipp/.m2/repository/org/apache/tomcat/embed/tomcat-embed-core/8.5.27/tomcat-embed-core-8.5.27.jar
7f6300d3e000-7f6300d3f000 r--s 00000000 08:06 3823323                    /home/philipp/.m2/repository/org/springframework/boot/spring-boot-starter-tomcat/1.5.10.RELEASE/spring-boot-starter-tomcat-1.5.10.RELEASE.jar
7f6300d3f000-7f6300d40000 r--s 00000000 08:06 3823321                    /home/philipp/.m2/repository/org/springframework/boot/spring-boot-starter-jersey/1.5.10.RELEASE/spring-boot-starter-jersey-1.5.10.RELEASE.jar
7f6300d40000-7f6300d53000 r--s 000ae000 08:06 3823319                    /home/philipp/.m2/repository/org/springframework/data/spring-data-commons/1.13.10.RELEASE/spring-data-commons-1.13.10.RELEASE.jar
7f6300d53000-7f6300d58000 r--s 0003c000 08:06 3823317                    /home/philipp/.m2/repository/org/springframework/spring-expression/4.3.14.RELEASE/spring-expression-4.3.14.RELEASE.jar
7f6300d58000-7f6300d66000 r--s 000ad000 08:06 3823315                    /home/philipp/.m2/repository/org/springframework/spring-beans/4.3.14.RELEASE/spring-beans-4.3.14.RELEASE.jar
7f6300d66000-7f6300d7f000 r--s 000fe000 08:06 3823313                    /home/philipp/.m2/repository/org/springframework/spring-context/4.3.14.RELEASE/spring-context-4.3.14.RELEASE.jar
7f6300d7f000-7f6300d87000 r--s 0003a000 08:06 3823311                    /home/philipp/.m2/repository/org/springframework/spring-tx/4.3.14.RELEASE/spring-tx-4.3.14.RELEASE.jar
7f6300d87000-7f6300d9f000 r--s 000df000 08:06 3823309                    /home/philipp/.m2/repository/org/springframework/data/spring-data-mongodb/1.10.10.RELEASE/spring-data-mongodb-1.10.10.RELEASE.jar
7f6300d9f000-7f6300da4000 r--s 00037000 08:06 3823307                    /home/philipp/.m2/repository/org/mongodb/bson/3.4.3/bson-3.4.3.jar
7f6300da4000-7f6300da5000 ---p 00000000 00:00 0 
7f6300da5000-7f6300ea5000 rw-p 00000000 00:00 0 
7f6300ea5000-7f6300ea8000 ---p 00000000 00:00 0 
7f6300ea8000-7f6300fa6000 rw-p 00000000 00:00 0 
7f6300fa6000-7f6300fa9000 ---p 00000000 00:00 0 
7f6300fa9000-7f63010a7000 rw-p 00000000 00:00 0 
7f63010a7000-7f63010aa000 ---p 00000000 00:00 0 
7f63010aa000-7f63011a8000 rw-p 00000000 00:00 0 
7f63011a8000-7f63011ab000 ---p 00000000 00:00 0 
7f63011ab000-7f63012a9000 rw-p 00000000 00:00 0 
7f63012a9000-7f63012ac000 ---p 00000000 00:00 0 
7f63012ac000-7f63013aa000 rw-p 00000000 00:00 0 
7f63013aa000-7f6301806000 r--p 00000000 08:06 4326868                    /usr/lib/locale/locale-archive
7f6301806000-7f6301809000 ---p 00000000 00:00 0 
7f6301809000-7f6301907000 rw-p 00000000 00:00 0 
7f6301907000-7f630190a000 ---p 00000000 00:00 0 
7f630190a000-7f6301a08000 rw-p 00000000 00:00 0 
7f6301a08000-7f6301a09000 ---p 00000000 00:00 0 
7f6301a09000-7f6304000000 rw-p 00000000 00:00 0 
7f6304000000-7f6304021000 rw-p 00000000 00:00 0 
7f6304021000-7f6308000000 ---p 00000000 00:00 0 
7f6308000000-7f6308021000 rw-p 00000000 00:00 0 
7f6308021000-7f630c000000 ---p 00000000 00:00 0 
7f630c000000-7f630c021000 rw-p 00000000 00:00 0 
7f630c021000-7f6310000000 ---p 00000000 00:00 0 
7f6310000000-7f6310002000 r--s 00003000 08:06 2101873                    /home/philipp/.m2/repository/org/slf4j/jcl-over-slf4j/1.7.25/jcl-over-slf4j-1.7.25.jar
7f6310002000-7f6310004000 r--s 00009000 08:06 1972952                    /home/philipp/.m2/repository/org/slf4j/slf4j-api/1.7.25/slf4j-api-1.7.25.jar
7f6310004000-7f6310019000 r--s 000ef000 08:06 3693264                    /home/philipp/.m2/repository/org/mongodb/mongodb-driver-core/3.4.3/mongodb-driver-core-3.4.3.jar
7f6310019000-7f631001f000 r--s 00054000 08:06 3557831                    /home/philipp/.m2/repository/org/mongodb/mongodb-driver/3.4.3/mongodb-driver-3.4.3.jar
7f631001f000-7f6310025000 r--s 0003d000 08:06 2499248                    /home/philipp/.m2/repository/org/yaml/snakeyaml/1.17/snakeyaml-1.17.jar
7f6310025000-7f6310027000 r--s 00004000 08:06 2366796                    /home/philipp/.m2/repository/org/slf4j/log4j-over-slf4j/1.7.25/log4j-over-slf4j-1.7.25.jar
7f6310027000-7f6310029000 r--s 00000000 08:06 2241402                    /home/philipp/.m2/repository/org/slf4j/jul-to-slf4j/1.7.25/jul-to-slf4j-1.7.25.jar
7f6310029000-7f6310034000 r--s 0006a000 08:06 1972950                    /home/philipp/.m2/repository/ch/qos/logback/logback-core/1.1.11/logback-core-1.1.11.jar
7f6310034000-7f631003b000 r--s 00045000 08:06 1717685                    /home/philipp/.m2/repository/ch/qos/logback/logback-classic/1.1.11/logback-classic-1.1.11.jar
7f631003b000-7f631003c000 r--s 00000000 08:06 3823305                    /home/philipp/.m2/repository/org/springframework/boot/spring-boot-starter-logging/1.5.10.RELEASE/spring-boot-starter-logging-1.5.10.RELEASE.jar
7f631003c000-7f631005c000 r--s 000e6000 08:06 3823303                    /home/philipp/.m2/repository/org/springframework/boot/spring-boot-autoconfigure/1.5.10.RELEASE/spring-boot-autoconfigure-1.5.10.RELEASE.jar
7f631005c000-7f631006c000 r--s 00095000 08:06 3823301                    /home/philipp/.m2/repository/org/springframework/boot/spring-boot/1.5.10.RELEASE/spring-boot-1.5.10.RELEASE.jar
7f631006c000-7f631006d000 r--s 00000000 08:06 3823299                    /home/philipp/.m2/repository/org/springframework/boot/spring-boot-starter/1.5.10.RELEASE/spring-boot-starter-1.5.10.RELEASE.jar
7f631006d000-7f631006e000 r--s 00000000 08:06 3823297                    /home/philipp/.m2/repository/org/springframework/boot/spring-boot-starter-data-mongodb/1.5.10.RELEASE/spring-boot-starter-data-mongodb-1.5.10.RELEASE.jar
7f631006e000-7f6310073000 r--s 00034000 08:06 1851025                    /home/philipp/.m2/repository/com/google/code/gson/gson/2.8.2/gson-2.8.2.jar
7f6310073000-7f6310077000 r--s 00018000 08:06 1456168                    /home/philipp/.m2/repository/io/jsonwebtoken/jjwt/0.7.0/jjwt-0.7.0.jar
7f6310077000-7f6310082000 r--s 00054000 08:06 3805536                    /home/philipp/.m2/repository/org/springframework/security/spring-security-web/4.2.4.RELEASE/spring-security-web-4.2.4.RELEASE.jar
7f6310082000-7f631008e000 r--s 00056000 08:06 3805534                    /home/philipp/.m2/repository/org/springframework/security/spring-security-core/4.2.4.RELEASE/spring-security-core-4.2.4.RELEASE.jar
7f631008e000-7f6310097000 r--s 00087000 08:06 3805532                    /home/philipp/.m2/repository/org/springframework/security/spring-security-config/4.2.4.RELEASE/spring-security-config-4.2.4.RELEASE.jar
7f6310097000-7f63100a0000 r--s 00054000 08:06 3823337                    /home/philipp/.m2/repository/org/springframework/spring-aop/4.3.14.RELEASE/spring-aop-4.3.14.RELEASE.jar
7f63100a0000-7f63100a1000 r--s 00000000 08:06 3562947                    /home/philipp/.m2/repository/org/springframework/boot/spring-boot-starter-security/1.5.10.RELEASE/spring-boot-starter-security-1.5.10.RELEASE.jar
7f63100a1000-7f63100ab000 r--s 000eb000 08:06 1580442                    /home/philipp/.m2/repository/mysql/mysql-connector-java/5.1.45/mysql-connector-java-5.1.45.jar
7f63100ab000-7f63100ae000 r--s 00021000 08:06 3823916                    /home/philipp/.m2/repository/org/apache/tomcat/tomcat-jdbc/8.5.27/tomcat-jdbc-8.5.27.jar
7f63100ae000-7f63100b1000 r--s 00019000 08:06 1448973                    /home/philipp/.m2/repository/commons-pool/commons-pool/1.6/commons-pool-1.6.jar
7f63100b1000-7f63100b4000 r--s 00025000 08:06 1448971                    /home/philipp/.m2/repository/commons-dbcp/commons-dbcp/1.4/commons-dbcp-1.4.jar
7f63100b4000-7f63100be000 r--s 0006b000 08:06 3438997                    /home/philipp/.m2/repository/org/springframework/spring-orm/4.3.14.RELEASE/spring-orm-4.3.14.RELEASE.jar
7f63100be000-7f63100c8000 r--s 0005f000 08:06 3438995                    /home/philipp/.m2/repository/org/springframework/spring-jdbc/4.3.14.RELEASE/spring-jdbc-4.3.14.RELEASE.jar
7f63100c8000-7f63100d9000 r--s 0008a000 08:06 2250987                    /home/philipp/.m2/repository/joda-time/joda-time/2.9.9/joda-time-2.9.9.jar
7f63100d9000-7f63100f0000 r--s 00144000 08:06 1448967                    /home/philipp/.m2/repository/org/mybatis/mybatis/3.3.0/mybatis-3.3.0.jar
7f63100f0000-7f63100f9000 r--s 0008c000 08:06 1723420                    /home/philipp/.m2/repository/com/sun/mail/javax.mail/1.5.6/javax.mail-1.5.6.jar
7f63100f9000-7f6311000000 rw-p 00000000 00:00 0 
7f6311000000-7f63121c0000 rwxp 00000000 00:00 0 
7f63121c0000-7f6320000000 ---p 00000000 00:00 0 
7f6320000000-7f6321408000 rw-p 00000000 00:00 0 
7f6321408000-7f6324000000 ---p 00000000 00:00 0 
7f6324000000-7f6324001000 r--s 0000b000 08:06 3959215                    /home/philipp/.m2/repository/org/apache/tomcat/tomcat-juli/8.5.27/tomcat-juli-8.5.27.jar
7f6324001000-7f6324003000 r--s 00008000 08:06 1449081                    /home/philipp/.m2/repository/org/activiti/activiti-spring/5.22.0/activiti-spring-5.22.0.jar
7f6324003000-7f6324005000 r--s 0000f000 08:06 1601443                    /home/philipp/.m2/repository/javax/activation/activation/1.1.1/activation-1.1.1.jar
7f6324005000-7f6324007000 r--s 0000b000 08:06 1448965                    /home/philipp/.m2/repository/org/apache/commons/commons-email/1.4/commons-email-1.4.jar
7f6324007000-7f632400a000 r--s 0000f000 08:06 1449079                    /home/philipp/.m2/repository/org/activiti/activiti-image-generator/5.22.0/activiti-image-generator-5.22.0.jar
7f632400a000-7f632400c000 r--s 0000c000 08:06 1449077                    /home/philipp/.m2/repository/org/activiti/activiti-process-validation/5.22.0/activiti-process-validation-5.22.0.jar
7f632400c000-7f6324010000 r--s 00015000 08:06 1449075                    /home/philipp/.m2/repository/org/activiti/activiti-bpmn-model/5.22.0/activiti-bpmn-model-5.22.0.jar
7f6324010000-7f6324014000 r--s 0002d000 08:06 1449073                    /home/philipp/.m2/repository/org/activiti/activiti-bpmn-converter/5.22.0/activiti-bpmn-converter-5.22.0.jar
7f6324014000-7f632403e000 r--s 00199000 08:06 1449071                    /home/philipp/.m2/repository/org/activiti/activiti-engine/5.22.0/activiti-engine-5.22.0.jar
7f632403e000-7f6324040000 r--s 00007000 08:06 1449069                    /home/philipp/.m2/repository/org/activiti/activiti-spring-boot-starter-basic/5.22.0/activiti-spring-boot-starter-basic-5.22.0.jar
7f6324040000-7f6324045000 r--s 002f9000 08:06 4330909                    /usr/lib/jvm/java-8-openjdk-amd64/jre/lib/charsets.jar
7f6324045000-7f6324047000 r--s 00016000 08:06 4330639                    /usr/lib/jvm/java-8-openjdk-amd64/jre/lib/jce.jar
7f6324047000-7f632404c000 r--s 0009d000 08:06 4330619                    /usr/lib/jvm/java-8-openjdk-amd64/jre/lib/jsse.jar
7f632404c000-7f632405f000 r--s 00346000 08:06 4330622                    /usr/lib/jvm/java-8-openjdk-amd64/jre/lib/resources.jar
7f632405f000-7f6324065000 r--s 0003b000 08:06 4330634                    /usr/lib/jvm/java-8-openjdk-amd64/jre/lib/ext/sunjce_provider.jar
7f6324065000-7f6324080000 r--s 001d6000 08:06 4330628                    /usr/lib/jvm/java-8-openjdk-amd64/jre/lib/ext/nashorn.jar
7f6324080000-7f632409b000 r--s 00394000 08:06 4330629                    /usr/lib/jvm/java-8-openjdk-amd64/jre/lib/ext/cldrdata.jar
7f632409b000-7f632424d000 rw-p 00000000 00:00 0 
7f632424d000-7f632441c000 r--s 03c32000 08:06 4330621                    /usr/lib/jvm/java-8-openjdk-amd64/jre/lib/rt.jar
7f632441c000-7f6324671000 rw-p 00000000 00:00 0 
7f6324671000-7f6324672000 ---p 00000000 00:00 0 
7f6324672000-7f6324772000 rw-p 00000000 00:00 0 
7f6324772000-7f6324773000 ---p 00000000 00:00 0 
7f6324773000-7f6324873000 rw-p 00000000 00:00 0 
7f6324873000-7f6324874000 ---p 00000000 00:00 0 
7f6324874000-7f6324974000 rw-p 00000000 00:00 0 
7f6324974000-7f6324975000 ---p 00000000 00:00 0 
7f6324975000-7f6324a97000 rw-p 00000000 00:00 0 
7f6324a97000-7f6324bb5000 ---p 00000000 00:00 0 
7f6324bb5000-7f6324bd7000 rw-p 00000000 00:00 0 
7f6324bd7000-7f6324cf4000 ---p 00000000 00:00 0 
7f6324cf4000-7f6324d7a000 rw-p 00000000 00:00 0 
7f6324d7a000-7f6324d94000 ---p 00000000 00:00 0 
7f6324d94000-7f6324ddc000 rw-p 00000000 00:00 0 
7f6324ddc000-7f6325155000 ---p 00000000 00:00 0 
7f6325155000-7f632515d000 r-xp 00000000 08:06 4330666                    /usr/lib/jvm/java-8-openjdk-amd64/jre/lib/amd64/libzip.so
7f632515d000-7f632535c000 ---p 00008000 08:06 4330666                    /usr/lib/jvm/java-8-openjdk-amd64/jre/lib/amd64/libzip.so
7f632535c000-7f632535d000 r--p 00007000 08:06 4330666                    /usr/lib/jvm/java-8-openjdk-amd64/jre/lib/amd64/libzip.so
7f632535d000-7f632535e000 rw-p 00008000 08:06 4330666                    /usr/lib/jvm/java-8-openjdk-amd64/jre/lib/amd64/libzip.so
7f632535e000-7f6325369000 r-xp 00000000 08:06 3817829                    /lib/x86_64-linux-gnu/libnss_files-2.23.so
7f6325369000-7f6325568000 ---p 0000b000 08:06 3817829                    /lib/x86_64-linux-gnu/libnss_files-2.23.so
7f6325568000-7f6325569000 r--p 0000a000 08:06 3817829                    /lib/x86_64-linux-gnu/libnss_files-2.23.so
7f6325569000-7f632556a000 rw-p 0000b000 08:06 3817829                    /lib/x86_64-linux-gnu/libnss_files-2.23.so
7f632556a000-7f6325570000 rw-p 00000000 00:00 0 
7f6325570000-7f632557b000 r-xp 00000000 08:06 3817833                    /lib/x86_64-linux-gnu/libnss_nis-2.23.so
7f632557b000-7f632577a000 ---p 0000b000 08:06 3817833                    /lib/x86_64-linux-gnu/libnss_nis-2.23.so
7f632577a000-7f632577b000 r--p 0000a000 08:06 3817833                    /lib/x86_64-linux-gnu/libnss_nis-2.23.so
7f632577b000-7f632577c000 rw-p 0000b000 08:06 3817833                    /lib/x86_64-linux-gnu/libnss_nis-2.23.so
7f632577c000-7f6325792000 r-xp 00000000 08:06 3817813                    /lib/x86_64-linux-gnu/libnsl-2.23.so
7f6325792000-7f6325991000 ---p 00016000 08:06 3817813                    /lib/x86_64-linux-gnu/libnsl-2.23.so
7f6325991000-7f6325992000 r--p 00015000 08:06 3817813                    /lib/x86_64-linux-gnu/libnsl-2.23.so
7f6325992000-7f6325993000 rw-p 00016000 08:06 3817813                    /lib/x86_64-linux-gnu/libnsl-2.23.so
7f6325993000-7f6325995000 rw-p 00000000 00:00 0 
7f6325995000-7f632599d000 r-xp 00000000 08:06 3817824                    /lib/x86_64-linux-gnu/libnss_compat-2.23.so
7f632599d000-7f6325b9c000 ---p 00008000 08:06 3817824                    /lib/x86_64-linux-gnu/libnss_compat-2.23.so
7f6325b9c000-7f6325b9d000 r--p 00007000 08:06 3817824                    /lib/x86_64-linux-gnu/libnss_compat-2.23.so
7f6325b9d000-7f6325b9e000 rw-p 00008000 08:06 3817824                    /lib/x86_64-linux-gnu/libnss_compat-2.23.so
7f6325b9e000-7f6325bcb000 r-xp 00000000 08:06 4330897                    /usr/lib/jvm/java-8-openjdk-amd64/jre/lib/amd64/libjava.so
7f6325bcb000-7f6325dca000 ---p 0002d000 08:06 4330897                    /usr/lib/jvm/java-8-openjdk-amd64/jre/lib/amd64/libjava.so
7f6325dca000-7f6325dcb000 r--p 0002c000 08:06 4330897                    /usr/lib/jvm/java-8-openjdk-amd64/jre/lib/amd64/libjava.so
7f6325dcb000-7f6325dcd000 rw-p 0002d000 08:06 4330897                    /usr/lib/jvm/java-8-openjdk-amd64/jre/lib/amd64/libjava.so
7f6325dcd000-7f6325ddc000 r-xp 00000000 08:06 4330676                    /usr/lib/jvm/java-8-openjdk-amd64/jre/lib/amd64/libverify.so
7f6325ddc000-7f6325fdb000 ---p 0000f000 08:06 4330676                    /usr/lib/jvm/java-8-openjdk-amd64/jre/lib/amd64/libverify.so
7f6325fdb000-7f6325fdd000 r--p 0000e000 08:06 4330676                    /usr/lib/jvm/java-8-openjdk-amd64/jre/lib/amd64/libverify.so
7f6325fdd000-7f6325fde000 rw-p 00010000 08:06 4330676                    /usr/lib/jvm/java-8-openjdk-amd64/jre/lib/amd64/libverify.so
7f6325fde000-7f6325fe5000 r-xp 00000000 08:06 3817834                    /lib/x86_64-linux-gnu/librt-2.23.so
7f6325fe5000-7f63261e4000 ---p 00007000 08:06 3817834                    /lib/x86_64-linux-gnu/librt-2.23.so
7f63261e4000-7f63261e5000 r--p 00006000 08:06 3817834                    /lib/x86_64-linux-gnu/librt-2.23.so
7f63261e5000-7f63261e6000 rw-p 00007000 08:06 3817834                    /lib/x86_64-linux-gnu/librt-2.23.so
7f63261e6000-7f63261fc000 r-xp 00000000 08:06 3805766                    /lib/x86_64-linux-gnu/libgcc_s.so.1
7f63261fc000-7f63263fb000 ---p 00016000 08:06 3805766                    /lib/x86_64-linux-gnu/libgcc_s.so.1
7f63263fb000-7f63263fc000 rw-p 00015000 08:06 3805766                    /lib/x86_64-linux-gnu/libgcc_s.so.1
7f63263fc000-7f6326504000 r-xp 00000000 08:06 3817811                    /lib/x86_64-linux-gnu/libm-2.23.so
7f6326504000-7f6326703000 ---p 00108000 08:06 3817811                    /lib/x86_64-linux-gnu/libm-2.23.so
7f6326703000-7f6326704000 r--p 00107000 08:06 3817811                    /lib/x86_64-linux-gnu/libm-2.23.so
7f6326704000-7f6326705000 rw-p 00108000 08:06 3817811                    /lib/x86_64-linux-gnu/libm-2.23.so
7f6326705000-7f6326877000 r-xp 00000000 08:06 4325449                    /usr/lib/x86_64-linux-gnu/libstdc++.so.6.0.21
7f6326877000-7f6326a77000 ---p 00172000 08:06 4325449                    /usr/lib/x86_64-linux-gnu/libstdc++.so.6.0.21
7f6326a77000-7f6326a81000 r--p 00172000 08:06 4325449                    /usr/lib/x86_64-linux-gnu/libstdc++.so.6.0.21
7f6326a81000-7f6326a83000 rw-p 0017c000 08:06 4325449                    /usr/lib/x86_64-linux-gnu/libstdc++.so.6.0.21
7f6326a83000-7f6326a87000 rw-p 00000000 00:00 0 
7f6326a87000-7f63276e4000 r-xp 00000000 08:06 4330641                    /usr/lib/jvm/java-8-openjdk-amd64/jre/lib/amd64/server/libjvm.so
7f63276e4000-7f63278e4000 ---p 00c5d000 08:06 4330641                    /usr/lib/jvm/java-8-openjdk-amd64/jre/lib/amd64/server/libjvm.so
7f63278e4000-7f6327978000 r--p 00c5d000 08:06 4330641                    /usr/lib/jvm/java-8-openjdk-amd64/jre/lib/amd64/server/libjvm.so
7f6327978000-7f63279a1000 rw-p 00cf1000 08:06 4330641                    /usr/lib/jvm/java-8-openjdk-amd64/jre/lib/amd64/server/libjvm.so
7f63279a1000-7f63279d1000 rw-p 00000000 00:00 0 
7f63279d1000-7f63279e9000 r-xp 00000000 08:06 3817815                    /lib/x86_64-linux-gnu/libpthread-2.23.so
7f63279e9000-7f6327be8000 ---p 00018000 08:06 3817815                    /lib/x86_64-linux-gnu/libpthread-2.23.so
7f6327be8000-7f6327be9000 r--p 00017000 08:06 3817815                    /lib/x86_64-linux-gnu/libpthread-2.23.so
7f6327be9000-7f6327bea000 rw-p 00018000 08:06 3817815                    /lib/x86_64-linux-gnu/libpthread-2.23.so
7f6327bea000-7f6327bee000 rw-p 00000000 00:00 0 
7f6327bee000-7f6327bf1000 r-xp 00000000 08:06 3817818                    /lib/x86_64-linux-gnu/libdl-2.23.so
7f6327bf1000-7f6327df0000 ---p 00003000 08:06 3817818                    /lib/x86_64-linux-gnu/libdl-2.23.so
7f6327df0000-7f6327df1000 r--p 00002000 08:06 3817818                    /lib/x86_64-linux-gnu/libdl-2.23.so
7f6327df1000-7f6327df2000 rw-p 00003000 08:06 3817818                    /lib/x86_64-linux-gnu/libdl-2.23.so
7f6327df2000-7f6327e0b000 r-xp 00000000 08:06 3805919                    /lib/x86_64-linux-gnu/libz.so.1.2.8
7f6327e0b000-7f632800a000 ---p 00019000 08:06 3805919                    /lib/x86_64-linux-gnu/libz.so.1.2.8
7f632800a000-7f632800b000 r--p 00018000 08:06 3805919                    /lib/x86_64-linux-gnu/libz.so.1.2.8
7f632800b000-7f632800c000 rw-p 00019000 08:06 3805919                    /lib/x86_64-linux-gnu/libz.so.1.2.8
7f632800c000-7f63281cc000 r-xp 00000000 08:06 3817816                    /lib/x86_64-linux-gnu/libc-2.23.so
7f63281cc000-7f63283cc000 ---p 001c0000 08:06 3817816                    /lib/x86_64-linux-gnu/libc-2.23.so
7f63283cc000-7f63283d0000 r--p 001c0000 08:06 3817816                    /lib/x86_64-linux-gnu/libc-2.23.so
7f63283d0000-7f63283d2000 rw-p 001c4000 08:06 3817816                    /lib/x86_64-linux-gnu/libc-2.23.so
7f63283d2000-7f63283d6000 rw-p 00000000 00:00 0 
7f63283d6000-7f63283e3000 r-xp 00000000 08:06 4330670                    /usr/lib/jvm/java-8-openjdk-amd64/jre/lib/amd64/jli/libjli.so
7f63283e3000-7f63285e3000 ---p 0000d000 08:06 4330670                    /usr/lib/jvm/java-8-openjdk-amd64/jre/lib/amd64/jli/libjli.so
7f63285e3000-7f63285e4000 r--p 0000d000 08:06 4330670                    /usr/lib/jvm/java-8-openjdk-amd64/jre/lib/amd64/jli/libjli.so
7f63285e4000-7f63285e5000 rw-p 0000e000 08:06 4330670                    /usr/lib/jvm/java-8-openjdk-amd64/jre/lib/amd64/jli/libjli.so
7f63285e5000-7f632860b000 r-xp 00000000 08:06 3817814                    /lib/x86_64-linux-gnu/ld-2.23.so
7f632860b000-7f632860c000 r--s 00000000 08:06 3567877                    /home/philipp/.m2/repository/org/springframework/boot/spring-boot-starter-jdbc/1.5.10.RELEASE/spring-boot-starter-jdbc-1.5.10.RELEASE.jar
7f632860c000-7f632860e000 r--s 00008000 08:06 4330635                    /usr/lib/jvm/java-8-openjdk-amd64/jre/lib/ext/sunec.jar
7f632860e000-7f6328611000 r--s 0000f000 08:06 4330627                    /usr/lib/jvm/java-8-openjdk-amd64/jre/lib/ext/icedtea-sound.jar
7f6328611000-7f6328613000 r--s 00001000 08:06 4330631                    /usr/lib/jvm/java-8-openjdk-amd64/jre/lib/ext/dnsns.jar
7f6328613000-7f63286eb000 rw-p 00000000 00:00 0 
7f63286eb000-7f63286ee000 ---p 00000000 00:00 0 
7f63286ee000-7f63287f0000 rw-p 00000000 00:00 0 
7f63287f0000-7f63287f3000 r--s 00038000 08:06 4330630                    /usr/lib/jvm/java-8-openjdk-amd64/jre/lib/ext/sunpkcs11.jar
7f63287f3000-7f63287f4000 r--s 0000a000 08:06 4330636                    /usr/lib/jvm/java-8-openjdk-amd64/jre/lib/ext/jaccess.jar
7f63287f4000-7f63287fe000 r--s 00116000 08:06 4330633                    /usr/lib/jvm/java-8-openjdk-amd64/jre/lib/ext/localedata.jar
7f63287fe000-7f63287ff000 r--s 00010000 08:06 4330632                    /usr/lib/jvm/java-8-openjdk-amd64/jre/lib/ext/zipfs.jar
7f63287ff000-7f6328807000 rw-s 00000000 08:06 786570                     /tmp/hsperfdata_philipp/19685
7f6328807000-7f6328808000 rw-p 00000000 00:00 0 
7f6328808000-7f6328809000 ---p 00000000 00:00 0 
7f6328809000-7f632880a000 rw-p 00000000 00:00 0 
7f632880a000-7f632880b000 r--p 00025000 08:06 3817814                    /lib/x86_64-linux-gnu/ld-2.23.so
7f632880b000-7f632880c000 rw-p 00026000 08:06 3817814                    /lib/x86_64-linux-gnu/ld-2.23.so
7f632880c000-7f632880d000 rw-p 00000000 00:00 0 
7ffed964e000-7ffed9672000 rw-p 00000000 00:00 0                          [stack]
7ffed9746000-7ffed9749000 r--p 00000000 00:00 0                          [vvar]
7ffed9749000-7ffed974b000 r-xp 00000000 00:00 0                          [vdso]
ffffffffff600000-ffffffffff601000 r-xp 00000000 00:00 0                  [vsyscall]

VM Arguments:
jvm_args: -Dfile.encoding=UTF-8 
java_command: at.jku.cis.iVolunteer.MarketplaceApplication
java_class_path (initial): /usr/lib/jvm/java-8-openjdk-amd64/jre/lib/resources.jar:/usr/lib/jvm/java-8-openjdk-amd64/jre/lib/rt.jar:/usr/lib/jvm/java-8-openjdk-amd64/jre/lib/jsse.jar:/usr/lib/jvm/java-8-openjdk-amd64/jre/lib/jce.jar:/usr/lib/jvm/java-8-openjdk-amd64/jre/lib/charsets.jar:/usr/lib/jvm/java-8-openjdk-amd64/jre/lib/ext/zipfs.jar:/usr/lib/jvm/java-8-openjdk-amd64/jre/lib/ext/cldrdata.jar:/usr/lib/jvm/java-8-openjdk-amd64/jre/lib/ext/localedata.jar:/usr/lib/jvm/java-8-openjdk-amd64/jre/lib/ext/jaccess.jar:/usr/lib/jvm/java-8-openjdk-amd64/jre/lib/ext/sunpkcs11.jar:/usr/lib/jvm/java-8-openjdk-amd64/jre/lib/ext/nashorn.jar:/usr/lib/jvm/java-8-openjdk-amd64/jre/lib/ext/dnsns.jar:/usr/lib/jvm/java-8-openjdk-amd64/jre/lib/ext/icedtea-sound.jar:/usr/lib/jvm/java-8-openjdk-amd64/jre/lib/ext/sunec.jar:/usr/lib/jvm/java-8-openjdk-amd64/jre/lib/ext/sunjce_provider.jar:/home/philipp/iVolunteerPrototype/marketplace/marketplace-application/target/classes:/home/philipp/iVolunteerPrototype/marketplace/marketplace-workflow/target/classes:/home/philipp/.m2/repository/org/activiti/activiti-spring-boot-starter-basic/5.22.0/activiti-spring-boot-starter-basic-5.22.0.jar:/home/philipp/.m2/repository/org/activiti/activiti-engine/5.22.0/activiti-engine-5.22.0.jar:/home/philipp/.m2/repository/org/activiti/activiti-bpmn-converter/5.22.0/activiti-bpmn-converter-5.22.0.jar:/home/philipp/.m2/repository/org/activiti/activiti-bpmn-model/5.22.0/activiti-bpmn-model-5.22.0.jar:/home/philipp/.m2/repository/org/activiti/activiti-process-validation/5.22.0/activiti-process-validation-5.22.0.jar:/home/philipp/.m2/repository/org/activiti/activiti-image-generator/5.22.0/activiti-image-generator-5.22.0.jar:/home/philipp/.m2/repository/org/apache/commons/commons-email/1.4/commons-email-1.4.jar:/home/philipp/.m2/repository/com/sun/mail/javax.mail/1.5.6/javax.mail-1.5.6.jar:/home/philipp/.m2/repository/javax/activation/activation/1.1.1/activation-1.1.1.jar:/home/philipp/.m2/repository/org/mybatis/
Launcher Type: SUN_STANDARD

Environment Variables:
PATH=/home/philipp/bin:/home/philipp/.local/bin:/usr/local/sbin:/usr/local/bin:/usr/sbin:/usr/bin:/sbin:/bin:/usr/games:/usr/local/games:/snap/bin
SHELL=/bin/bash
DISPLAY=:0

Signal Handlers:
SIGSEGV: [libjvm.so+0xa71a30], sa_mask[0]=11111111011111111101111111111110, sa_flags=SA_RESTART|SA_SIGINFO
SIGBUS: [libjvm.so+0xa71a30], sa_mask[0]=11111111011111111101111111111110, sa_flags=SA_RESTART|SA_SIGINFO
SIGFPE: [libjvm.so+0x8b8f40], sa_mask[0]=11111111011111111101111111111110, sa_flags=SA_RESTART|SA_SIGINFO
SIGPIPE: [libjvm.so+0x8b8f40], sa_mask[0]=11111111011111111101111111111110, sa_flags=SA_RESTART|SA_SIGINFO
SIGXFSZ: [libjvm.so+0x8b8f40], sa_mask[0]=11111111011111111101111111111110, sa_flags=SA_RESTART|SA_SIGINFO
SIGILL: [libjvm.so+0x8b8f40], sa_mask[0]=11111111011111111101111111111110, sa_flags=SA_RESTART|SA_SIGINFO
SIGUSR1: SIG_DFL, sa_mask[0]=00000000000000000000000000000000, sa_flags=none
SIGUSR2: [libjvm.so+0x8b8df0], sa_mask[0]=00100000000000000000000000000000, sa_flags=SA_RESTART|SA_SIGINFO
SIGHUP: [libjvm.so+0x8b92c0], sa_mask[0]=11111111011111111101111111111110, sa_flags=SA_RESTART|SA_SIGINFO
SIGINT: [libjvm.so+0x8b92c0], sa_mask[0]=